<?xml version="1.0" encoding="UTF-8"?>
<testng-results skipped="0" failed="0" ignored="0" total="1" passed="1">
  <reporter-output>
  </reporter-output>
  <suite name="Default suite" duration-ms="34165" started-at="2017-07-19T12:07:00Z" finished-at="2017-07-19T12:07:34Z">
    <groups>
    </groups>
    <test name="Default test" duration-ms="34165" started-at="2017-07-19T12:07:00Z" finished-at="2017-07-19T12:07:34Z">
      <class name="test.A">
        <test-method status="PASS" signature="tc_01()[pri:0, instance:test.A@523884b2]" name="tc_01" duration-ms="33971" started-at="2017-07-19T17:37:00Z" finished-at="2017-07-19T17:37:34Z">
          <reporter-output>
          </reporter-output>
        </test-method> <!-- tc_01 -->
      </class> <!-- test.A -->
    </test> <!-- Default test -->
  </suite> <!-- Default suite -->
</testng-results>
